<html>
<head>
<title>TestNG:  Test_DataProvider2</title>
<link href="../testng.css" rel="stylesheet" type="text/css" />
<link href="../my-testng.css" rel="stylesheet" type="text/css" />

<style type="text/css">
.log { display: none;} 
.stack-trace { display: none;} 
</style>
<script type="text/javascript">
<!--
function flip(e) {
  current = e.style.display;
  if (current == 'block') {
    e.style.display = 'none';
    return 0;
  }
  else {
    e.style.display = 'block';
    return 1;
  }
}

function toggleBox(szDivId, elem, msg1, msg2)
{
  var res = -1;  if (document.getElementById) {
    res = flip(document.getElementById(szDivId));
  }
  else if (document.all) {
    // this is the way old msie versions work
    res = flip(document.all[szDivId]);
  }
  if(elem) {
    if(res == 0) elem.innerHTML = msg1; else elem.innerHTML = msg2;
  }

}

function toggleAllBoxes() {
  if (document.getElementsByTagName) {
    d = document.getElementsByTagName('div');
    for (i = 0; i < d.length; i++) {
      if (d[i].className == 'log') {
        flip(d[i]);
      }
    }
  }
}

// -->
</script>

</head>
<body>
<h2 align='center'>Test_DataProvider2</h2><table border='1' align="center">
<tr>
<td>Tests passed/Failed/Skipped:</td><td>5/2/0</td>
</tr><tr>
<td>Started on:</td><td>Wed Jan 10 20:21:28 IST 2018</td>
</tr>
<tr><td>Total time:</td><td>33 seconds (33844 ms)</td>
</tr><tr>
<td>Included groups:</td><td></td>
</tr><tr>
<td>Excluded groups:</td><td></td>
</tr>
</table><p/>
<small><i>(Hover the method name to see the test class name)</i></small><p/>
<table width='100%' border='1' class='invocation-failed'>
<tr><td colspan='4' align='center'><b>FAILED TESTS</b></td></tr>
<tr><td><b>Test method</b></td>
<td width="30%"><b>Exception</b></td>
<td width="10%"><b>Time (seconds)</b></td>
<td><b>Instance</b></td>
</tr>
<tr>
<td title='datadriven.test.DataProvider_WithExcel.testing()'><b>testing</b><br>Test class: datadriven.test.DataProvider_WithExcel<br>Parameters: vikasgarg.mgl@gmail.com, master1, <br/>
<a href="#Output-94919826" onClick='toggleBox("Output-94919826", this, "Show output", "Hide output");'>Show output</a>

<a href="#Output-94919826" onClick="toggleAllBoxes();">Show all outputs</a>
<div class='log' id="Output-94919826">
Application Lauched successfully | <br/>
</div>
</td>
<td><div><pre>java.lang.AssertionError: The following asserts failed:
null
	at datadriven.test.DataProvider_WithExcel.testing(DataProvider_WithExcel.java:131)
... Removed 24 stack frames</pre></div><a href='#' onClick='toggleBox("stack-trace94919826", this, "Click to show all stack frames", "Click to hide stack frames")'>Click to show all stack frames</a>
<div class='stack-trace' id='stack-trace94919826'><pre>java.lang.AssertionError: The following asserts failed:
null
	at org.testng.asserts.SoftAssert.assertAll(SoftAssert.java:38)
	at datadriven.test.DataProvider_WithExcel.testing(DataProvider_WithExcel.java:131)
	at sun.reflect.NativeMethodAccessorImpl.invoke0(Native Method)
	at sun.reflect.NativeMethodAccessorImpl.invoke(NativeMethodAccessorImpl.java:62)
	at sun.reflect.DelegatingMethodAccessorImpl.invoke(DelegatingMethodAccessorImpl.java:43)
	at java.lang.reflect.Method.invoke(Method.java:498)
	at org.testng.internal.MethodInvocationHelper.invokeMethod(MethodInvocationHelper.java:84)
	at org.testng.internal.Invoker.invokeMethod(Invoker.java:714)
	at org.testng.internal.Invoker.invokeTestMethod(Invoker.java:901)
	at org.testng.internal.Invoker.invokeTestMethods(Invoker.java:1231)
	at org.testng.internal.TestMethodWorker.invokeTestMethods(TestMethodWorker.java:127)
	at org.testng.internal.TestMethodWorker.run(TestMethodWorker.java:111)
	at org.testng.TestRunner.privateRun(TestRunner.java:767)
	at org.testng.TestRunner.run(TestRunner.java:617)
	at org.testng.SuiteRunner.runTest(SuiteRunner.java:334)
	at org.testng.SuiteRunner.runSequentially(SuiteRunner.java:329)
	at org.testng.SuiteRunner.privateRun(SuiteRunner.java:291)
	at org.testng.SuiteRunner.run(SuiteRunner.java:240)
	at org.testng.SuiteRunnerWorker.runSuite(SuiteRunnerWorker.java:52)
	at org.testng.SuiteRunnerWorker.run(SuiteRunnerWorker.java:86)
	at org.testng.TestNG.runSuitesSequentially(TestNG.java:1224)
	at org.testng.TestNG.runSuitesLocally(TestNG.java:1149)
	at org.testng.TestNG.run(TestNG.java:1057)
	at org.testng.TestNG.privateMain(TestNG.java:1364)
	at org.testng.TestNG.main(TestNG.java:1333)
</pre></div></td>
<td>3</td>
<td>datadriven.test.DataProvider_WithExcel@3c5a99da</td></tr>
<tr>
<td title='datadriven.test.DataProvider_WithExcel.testing()'><b>testing</b><br>Test class: datadriven.test.DataProvider_WithExcel<br>Parameters: , , Invalid email or password specified. Forgot your password?<br/>
<a href="#Output-1770070706" onClick='toggleBox("Output-1770070706", this, "Show output", "Hide output");'>Show output</a>

<a href="#Output-1770070706" onClick="toggleAllBoxes();">Show all outputs</a>
<div class='log' id="Output-1770070706">
Application Lauched successfully | <br/>
</div>
</td>
<td><div><pre>org.openqa.selenium.ElementNotVisibleException: element not visible
  (Session info: chrome=63.0.3239.132)
  (Driver info: chromedriver=2.33.506120 (e3e53437346286c0bc2d2dc9aa4915ba81d9023f),platform=Windows NT 10.0.16299 x86_64) (WARNING: The server did not provide any stacktrace information)
Command duration or timeout: 0 milliseconds
Build info: version: &apos;3.8.1&apos;, revision: &apos;6e95a6684b&apos;, time: &apos;2017-12-01T19:05:32.194Z&apos;
System info: host: &apos;GDC-VIKASKU-LPT&apos;, ip: &apos;10.9.34.80&apos;, os.name: &apos;Windows 10&apos;, os.arch: &apos;amd64&apos;, os.version: &apos;10.0&apos;, java.version: &apos;1.8.0_151&apos;
Driver info: org.openqa.selenium.chrome.ChromeDriver
Capabilities {acceptSslCerts: true, applicationCacheEnabled: false, browserConnectionEnabled: false, browserName: chrome, chrome: {chromedriverVersion: 2.33.506120 (e3e53437346286..., userDataDir: C:\WINDOWS\TEMP\scoped_dir7...}, cssSelectorsEnabled: true, databaseEnabled: false, handlesAlerts: true, hasTouchScreen: false, javascriptEnabled: true, locationContextEnabled: true, mobileEmulationEnabled: false, nativeEvents: true, networkConnectionEnabled: false, pageLoadStrategy: normal, platform: XP, platformName: XP, rotatable: false, setWindowRect: true, takesHeapSnapshot: true, takesScreenshot: true, unexpectedAlertBehaviour: , unhandledPromptBehavior: , version: 63.0.3239.132, webStorageEnabled: true}
Session ID: b04e0db2aa06497e8a3dcdc35a3be5b7
	at org.openqa.selenium.remote.ErrorHandler.createThrowable(ErrorHandler.java:214)
	at org.openqa.selenium.remote.ErrorHandler.throwIfResponseFailed(ErrorHandler.java:166)
	at org.openqa.selenium.remote.http.JsonHttpResponseCodec.reconstructValue(JsonHttpResponseCodec.java:40)
	at org.openqa.selenium.remote.http.AbstractHttpResponseCodec.decode(AbstractHttpResponseCodec.java:80)
	at org.openqa.selenium.remote.http.AbstractHttpResponseCodec.decode(AbstractHttpResponseCodec.java:44)
	at org.openqa.selenium.remote.HttpCommandExecutor.execute(HttpCommandExecutor.java:164)
	at org.openqa.selenium.remote.service.DriverCommandExecutor.execute(DriverCommandExecutor.java:83)
	at org.openqa.selenium.remote.RemoteWebDriver.execute(RemoteWebDriver.java:601)
	at org.openqa.selenium.remote.RemoteWebElement.execute(RemoteWebElement.java:279)
	at org.openqa.selenium.remote.RemoteWebElement.click(RemoteWebElement.java:83)
	at datadriven.test.DataProvider_WithExcel.testing(DataProvider_WithExcel.java:93)
... Removed 27 stack frames</pre></div><a href='#' onClick='toggleBox("stack-trace1770070706", this, "Click to show all stack frames", "Click to hide stack frames")'>Click to show all stack frames</a>
<div class='stack-trace' id='stack-trace1770070706'><pre>org.openqa.selenium.ElementNotVisibleException: element not visible
  (Session info: chrome=63.0.3239.132)
  (Driver info: chromedriver=2.33.506120 (e3e53437346286c0bc2d2dc9aa4915ba81d9023f),platform=Windows NT 10.0.16299 x86_64) (WARNING: The server did not provide any stacktrace information)
Command duration or timeout: 0 milliseconds
Build info: version: &apos;3.8.1&apos;, revision: &apos;6e95a6684b&apos;, time: &apos;2017-12-01T19:05:32.194Z&apos;
System info: host: &apos;GDC-VIKASKU-LPT&apos;, ip: &apos;10.9.34.80&apos;, os.name: &apos;Windows 10&apos;, os.arch: &apos;amd64&apos;, os.version: &apos;10.0&apos;, java.version: &apos;1.8.0_151&apos;
Driver info: org.openqa.selenium.chrome.ChromeDriver
Capabilities {acceptSslCerts: true, applicationCacheEnabled: false, browserConnectionEnabled: false, browserName: chrome, chrome: {chromedriverVersion: 2.33.506120 (e3e53437346286..., userDataDir: C:\WINDOWS\TEMP\scoped_dir7...}, cssSelectorsEnabled: true, databaseEnabled: false, handlesAlerts: true, hasTouchScreen: false, javascriptEnabled: true, locationContextEnabled: true, mobileEmulationEnabled: false, nativeEvents: true, networkConnectionEnabled: false, pageLoadStrategy: normal, platform: XP, platformName: XP, rotatable: false, setWindowRect: true, takesHeapSnapshot: true, takesScreenshot: true, unexpectedAlertBehaviour: , unhandledPromptBehavior: , version: 63.0.3239.132, webStorageEnabled: true}
Session ID: b04e0db2aa06497e8a3dcdc35a3be5b7
	at sun.reflect.NativeConstructorAccessorImpl.newInstance0(Native Method)
	at sun.reflect.NativeConstructorAccessorImpl.newInstance(NativeConstructorAccessorImpl.java:62)
	at sun.reflect.DelegatingConstructorAccessorImpl.newInstance(DelegatingConstructorAccessorImpl.java:45)
	at java.lang.reflect.Constructor.newInstance(Constructor.java:423)
	at org.openqa.selenium.remote.ErrorHandler.createThrowable(ErrorHandler.java:214)
	at org.openqa.selenium.remote.ErrorHandler.throwIfResponseFailed(ErrorHandler.java:166)
	at org.openqa.selenium.remote.http.JsonHttpResponseCodec.reconstructValue(JsonHttpResponseCodec.java:40)
	at org.openqa.selenium.remote.http.AbstractHttpResponseCodec.decode(AbstractHttpResponseCodec.java:80)
	at org.openqa.selenium.remote.http.AbstractHttpResponseCodec.decode(AbstractHttpResponseCodec.java:44)
	at org.openqa.selenium.remote.HttpCommandExecutor.execute(HttpCommandExecutor.java:164)
	at org.openqa.selenium.remote.service.DriverCommandExecutor.execute(DriverCommandExecutor.java:83)
	at org.openqa.selenium.remote.RemoteWebDriver.execute(RemoteWebDriver.java:601)
	at org.openqa.selenium.remote.RemoteWebElement.execute(RemoteWebElement.java:279)
	at org.openqa.selenium.remote.RemoteWebElement.click(RemoteWebElement.java:83)
	at datadriven.test.DataProvider_WithExcel.testing(DataProvider_WithExcel.java:93)
	at sun.reflect.NativeMethodAccessorImpl.invoke0(Native Method)
	at sun.reflect.NativeMethodAccessorImpl.invoke(NativeMethodAccessorImpl.java:62)
	at sun.reflect.DelegatingMethodAccessorImpl.invoke(DelegatingMethodAccessorImpl.java:43)
	at java.lang.reflect.Method.invoke(Method.java:498)
	at org.testng.internal.MethodInvocationHelper.invokeMethod(MethodInvocationHelper.java:84)
	at org.testng.internal.Invoker.invokeMethod(Invoker.java:714)
	at org.testng.internal.Invoker.invokeTestMethod(Invoker.java:901)
	at org.testng.internal.Invoker.invokeTestMethods(Invoker.java:1231)
	at org.testng.internal.TestMethodWorker.invokeTestMethods(TestMethodWorker.java:127)
	at org.testng.internal.TestMethodWorker.run(TestMethodWorker.java:111)
	at org.testng.TestRunner.privateRun(TestRunner.java:767)
	at org.testng.TestRunner.run(TestRunner.java:617)
	at org.testng.SuiteRunner.runTest(SuiteRunner.java:334)
	at org.testng.SuiteRunner.runSequentially(SuiteRunner.java:329)
	at org.testng.SuiteRunner.privateRun(SuiteRunner.java:291)
	at org.testng.SuiteRunner.run(SuiteRunner.java:240)
	at org.testng.SuiteRunnerWorker.runSuite(SuiteRunnerWorker.java:52)
	at org.testng.SuiteRunnerWorker.run(SuiteRunnerWorker.java:86)
	at org.testng.TestNG.runSuitesSequentially(TestNG.java:1224)
	at org.testng.TestNG.runSuitesLocally(TestNG.java:1149)
	at org.testng.TestNG.run(TestNG.java:1057)
	at org.testng.TestNG.privateMain(TestNG.java:1364)
	at org.testng.TestNG.main(TestNG.java:1333)
</pre></div></td>
<td>0</td>
<td>datadriven.test.DataProvider_WithExcel@3c5a99da</td></tr>
</table><p>
<table width='100%' border='1' class='invocation-passed'>
<tr><td colspan='4' align='center'><b>PASSED TESTS</b></td></tr>
<tr><td><b>Test method</b></td>
<td width="30%"><b>Exception</b></td>
<td width="10%"><b>Time (seconds)</b></td>
<td><b>Instance</b></td>
</tr>
<tr>
<td title='datadriven.test.DataProvider_WithExcel.testing()'><b>testing</b><br>Test class: datadriven.test.DataProvider_WithExcel<br>Parameters: vikasgarg.mgl@gmail.com, master, Invalid email or password specified. Forgot your password?<br/>
<a href="#Output-451312813" onClick='toggleBox("Output-451312813", this, "Show output", "Hide output");'>Show output</a>

<a href="#Output-451312813" onClick="toggleAllBoxes();">Show all outputs</a>
<div class='log' id="Output-451312813">
Application Lauched successfully | <br/>
User is Logged out and Application is closed | <br/>
</div>
</td>
<td></td>
<td>2</td>
<td>datadriven.test.DataProvider_WithExcel@3c5a99da</td></tr>
<tr>
<td title='datadriven.test.DataProvider_WithExcel.testing()'><b>testing</b><br>Test class: datadriven.test.DataProvider_WithExcel<br>Parameters: , master1, Invalid email or password specified. Forgot your password?<br/>
<a href="#Output-1810518740" onClick='toggleBox("Output-1810518740", this, "Show output", "Hide output");'>Show output</a>

<a href="#Output-1810518740" onClick="toggleAllBoxes();">Show all outputs</a>
<div class='log' id="Output-1810518740">
Application Lauched successfully | <br/>
User is Logged out and Application is closed | <br/>
</div>
</td>
<td></td>
<td>3</td>
<td>datadriven.test.DataProvider_WithExcel@3c5a99da</td></tr>
<tr>
<td title='datadriven.test.DataProvider_WithExcel.testing()'><b>testing</b><br>Test class: datadriven.test.DataProvider_WithExcel<br>Parameters: vikasgarg.mgl@gmail.com, , Invalid email or password specified. Forgot your password?<br/>
<a href="#Output-1260440107" onClick='toggleBox("Output-1260440107", this, "Show output", "Hide output");'>Show output</a>

<a href="#Output-1260440107" onClick="toggleAllBoxes();">Show all outputs</a>
<div class='log' id="Output-1260440107">
Application Lauched successfully | <br/>
User is Logged out and Application is closed | <br/>
</div>
</td>
<td></td>
<td>2</td>
<td>datadriven.test.DataProvider_WithExcel@3c5a99da</td></tr>
<tr>
<td title='datadriven.test.DataProvider_WithExcel.testing()'><b>testing</b><br>Test class: datadriven.test.DataProvider_WithExcel<br>Parameters: VIKAS, master1, Invalid email or password specified. Forgot your password?<br/>
<a href="#Output-2002174925" onClick='toggleBox("Output-2002174925", this, "Show output", "Hide output");'>Show output</a>

<a href="#Output-2002174925" onClick="toggleAllBoxes();">Show all outputs</a>
<div class='log' id="Output-2002174925">
Application Lauched successfully | <br/>
User is Logged out and Application is closed | <br/>
</div>
</td>
<td></td>
<td>3</td>
<td>datadriven.test.DataProvider_WithExcel@3c5a99da</td></tr>
<tr>
<td title='datadriven.test.DataProvider_WithExcel.testing()'><b>testing</b><br>Test class: datadriven.test.DataProvider_WithExcel<br>Parameters: *1234567, 34//', Invalid email or password specified. Forgot your password?<br/>
<a href="#Output-882471736" onClick='toggleBox("Output-882471736", this, "Show output", "Hide output");'>Show output</a>

<a href="#Output-882471736" onClick="toggleAllBoxes();">Show all outputs</a>
<div class='log' id="Output-882471736">
Application Lauched successfully | <br/>
User is Logged out and Application is closed | <br/>
</div>
</td>
<td></td>
<td>2</td>
<td>datadriven.test.DataProvider_WithExcel@3c5a99da</td></tr>
</table><p>
</body>
</html>