<html xmlns:math="http://exslt.org/math" xmlns:testng="http://testng.org">
   <head>
      <title>TestNG Results</title>
      <meta http-equiv="content-type" content="text/html; charset=utf-8"></meta>
      <meta http-equiv="pragma" content="no-cache"></meta>
      <meta http-equiv="cache-control" content="max-age=0"></meta>
      <meta http-equiv="cache-control" content="no-cache"></meta>
      <meta http-equiv="cache-control" content="no-store"></meta>
      <LINK rel="stylesheet" href="style.css"></LINK>
      <script type="text/javascript" src="main.js"></script>
   </head>
   <body>
      <table width="100%" style="font-size: 16px; margin-bottom: 10px;" cellspacing="1">
         <tr>
            <td width="100%">
               Test case
               
               <b>Test_DataProvider2</b>
            </td>
            <td style="background-color: #FFBBBB; padding: 3px 3px 3px 0;" align="center">
               <div style="width: 50px;">2</div>
            </td>
            <td style="background-color: lightgreen; padding: 3px 3px 3px 0;" align="center">
               <div style="width: 50px;">5</div>
            </td>
            <td style="background-color: #FFFFBB; padding: 3px 3px 3px 0;" align="center">
               <div style="width: 50px;">0</div>
            </td>
            <td align="center" style="background-color: #eaf0f7; padding: 3px 3px 3px 0;">
               <div style="width: 50px;">7</div>
            </td>
            <td align="center"
                style="font-weight: bold; background-color: #eaf0f7; padding: 3px 3px 3px 0;">
               <div style="width: 50px;">71%</div>
            </td>
            <td style="background-color: #eaf0f7; padding: 3px 3px 3px 0;" align="center"
                nowrap="true">33s
               
            </td>
         </tr>
      </table>
      <div style="width: 200px;">
         <label for="groupMethodsCheckBox" style="font-weight: bold; margin: 0;">
            <input id="groupMethodsCheckBox" type="checkbox" onclick="switchTestMethodsView(this)"
                   checked=""></input>
            Group by class
            
         </label>
         <br></br>
         <label for="methodsFilter_ALL" style="font-weight: bold; margin: 0;">
            <input id="methodsFilter_ALL" type="checkbox"
                   onclick="testMethodsFilterChanged(this, 'ALL')"
                   checked=""></input>
            All
            
         </label>
      </div>
      <label for="methodsFilter_FAIL" style="margin-left: 20px;">
         <input id="methodsFilter_FAIL" type="checkbox"
                onclick="testMethodsFilterChanged(this, 'FAIL')"
                checked=""></input>
         Failed
         
      </label>
      <label for="methodsFilter_PASS">
         <input id="methodsFilter_PASS" type="checkbox"
                onclick="testMethodsFilterChanged(this, 'PASS')"
                checked=""></input>
         Passed
         
      </label>
      <label for="methodsFilter_SKIP">
         <input id="methodsFilter_SKIP" type="checkbox"
                onclick="testMethodsFilterChanged(this, 'SKIP')"
                checked=""></input>
         Skipped
         
      </label>
      <label for="methodsFilter_CONF">
         <input id="methodsFilter_CONF" type="checkbox"
                onclick="testMethodsFilterChanged(this, 'CONF')"
                checked=""></input>
         Config
         
      </label>
      <br></br>
      <div id="testMethodsByStatus" style="display: none;">
         <table class="testMethodsTable" cellpadding="0" cellspacing="0">
            <tr class="methodsTableHeader">
               <td width="100%">Name</td>
               <td nowrap="true">Started</td>
               <td nowrap="true">Duration</td>
               <td>Exception</td>
            </tr>
            <tr id="datadriven.test.DataProvider_WithExcel_testing_byStatus_failed_FAIL1_row"
                class="testMethodStatusFAIL">
               <td width="100%" class="firstMethodCell">
                  <a onclick="toggleDetailsVisibility('datadriven.test.DataProvider_WithExcel_testing_byStatus_failed_FAIL1_details')">testing(vikasgarg.mgl@gmail.com
                     
                     ,
                     
                     master1
                     
                     ,)
                  </a>
               </td>
               <td nowrap="true">20:21:43</td>
               <td nowrap="true" align="right">3s
                  
               </td>
               <td nowrap="true">
                  <a onclick="toggleDetailsVisibility('datadriven.test.DataProvider_WithExcel_testing_byStatus_failed_FAIL1_exception')">java.lang.AssertionError: 
                     The following asserts failed:
                     null
                     
                  </a>
                   
                  
               </td>
            </tr>
            <tr>
               <td colspan="4" class="detailsBox">
                  <div id="datadriven.test.DataProvider_WithExcel_testing_byStatus_failed_FAIL1_details"
                       class="testMethodDetails">
                     <div>
                        <b>Name: </b>testing
                     </div>
                     <div>
                        <b>Signature: </b>testing(java.lang.String, java.lang.String, java.lang.String)[pri:0, instance:datadriven.test.DataProvider_WithExcel@3c5a99da]
                     </div>
                     <div>
                        <b>Parameters: </b>
                        
                        vikasgarg.mgl@gmail.com
                        
                        ,
                        
                        master1
                        
                        ,
                        
                        
                        
                        
                     </div>
                     <div>
                        <b>Start time: </b>20:21:43
                     </div>
                     <div>
                        <b>End time: </b>20:21:46
                     </div>
                     <div>
                        <b>Duration: </b>3s
                        
                     </div>
                  </div>
               </td>
            </tr>
            <tr>
               <td colspan="4" class="detailsBox">
                  <div id="datadriven.test.DataProvider_WithExcel_testing_byStatus_failed_FAIL1_exception"
                       class="testMethodDetails">
                     <pre style="padding: 5px; margin: 0;">java.lang.AssertionError: The following asserts failed:
                        null
                        	at org.testng.asserts.SoftAssert.assertAll(SoftAssert.java:38)
                        	at datadriven.test.DataProvider_WithExcel.testing(DataProvider_WithExcel.java:131)
                        	at sun.reflect.NativeMethodAccessorImpl.invoke0(Native Method)
                        	at sun.reflect.NativeMethodAccessorImpl.invoke(NativeMethodAccessorImpl.java:62)
                        	at sun.reflect.DelegatingMethodAccessorImpl.invoke(DelegatingMethodAccessorImpl.java:43)
                        	at java.lang.reflect.Method.invoke(Method.java:498)
                        	at org.testng.internal.MethodInvocationHelper.invokeMethod(MethodInvocationHelper.java:84)
                        	at org.testng.internal.Invoker.invokeMethod(Invoker.java:714)
                        	at org.testng.internal.Invoker.invokeTestMethod(Invoker.java:901)
                        	at org.testng.internal.Invoker.invokeTestMethods(Invoker.java:1231)
                        	at org.testng.internal.TestMethodWorker.invokeTestMethods(TestMethodWorker.java:127)
                        	at org.testng.internal.TestMethodWorker.run(TestMethodWorker.java:111)
                        	at org.testng.TestRunner.privateRun(TestRunner.java:767)
                        	at org.testng.TestRunner.run(TestRunner.java:617)
                        	at org.testng.SuiteRunner.runTest(SuiteRunner.java:334)
                        	at org.testng.SuiteRunner.runSequentially(SuiteRunner.java:329)
                        	at org.testng.SuiteRunner.privateRun(SuiteRunner.java:291)
                        	at org.testng.SuiteRunner.run(SuiteRunner.java:240)
                        	at org.testng.SuiteRunnerWorker.runSuite(SuiteRunnerWorker.java:52)
                        	at org.testng.SuiteRunnerWorker.run(SuiteRunnerWorker.java:86)
                        	at org.testng.TestNG.runSuitesSequentially(TestNG.java:1224)
                        	at org.testng.TestNG.runSuitesLocally(TestNG.java:1149)
                        	at org.testng.TestNG.run(TestNG.java:1057)
                        	at org.testng.TestNG.privateMain(TestNG.java:1364)
                        	at org.testng.TestNG.main(TestNG.java:1333)
                     </pre>
                  </div>
               </td>
            </tr>
            <tr id="datadriven.test.DataProvider_WithExcel_testing_byStatus_failed_FAIL2_row"
                class="testMethodStatusFAIL">
               <td width="100%" class="firstMethodCell">
                  <a onclick="toggleDetailsVisibility('datadriven.test.DataProvider_WithExcel_testing_byStatus_failed_FAIL2_details')">testing(,
                     
                     
                     
                     ,
                     
                     Invalid email or password specified. Forgot your password?)
                  </a>
               </td>
               <td nowrap="true">20:21:52</td>
               <td nowrap="true" align="right">345 ms
                  
               </td>
               <td nowrap="true">
                  <a onclick="toggleDetailsVisibility('datadriven.test.DataProvider_WithExcel_testing_byStatus_failed_FAIL2_exception')">org.openqa.selenium.ElementNotVisibleException: 
                     element not visible
                     (Session info: chrome=63.0.3239.132)
                     (Driver info: chromedriver=2.33.506120 (e3e53437346286c0bc2d2dc9aa4915ba81d9023f),platform=Windows NT 10.0.16299 x86_64) (WARNING:
                     The server did not provide any stacktrace information)
                     Command duration or timeout: 0 milliseconds
                     Build info: version: '3.8.1', revision: '6e95a6684b', time: '2017-12-01T19:05:32.194Z'
                     System info: host: 'GDC-VIKASKU-LPT', ip: '10.9.34.80', os.name: 'Windows 10', os.arch: 'amd64', os.version: '10.0', java.version:
                     '1.8.0_151'
                     Driver info: org.openqa.selenium.chrome.ChromeDriver
                     Capabilities {acceptSslCerts: true, applicationCacheEnabled: false, browserConnectionEnabled: false, browserName: chrome,
                     chrome: {chromedriverVersion: 2.33.506120 (e3e53437346286..., userDataDir: C:\WINDOWS\TEMP\scoped_dir7...}, cssSelectorsEnabled:
                     true, databaseEnabled: false, handlesAlerts: true, hasTouchScreen: false, javascriptEnabled: true, locationContextEnabled:
                     true, mobileEmulationEnabled: false, nativeEvents: true, networkConnectionEnabled: false, pageLoadStrategy: normal, platform:
                     XP, platformName: XP, rotatable: false, setWindowRect: true, takesHeapSnapshot: true, takesScreenshot: true, unexpectedAlertBehaviour:
                     , unhandledPromptBehavior: , version: 63.0.3239.132, webStorageEnabled: true}
                     Session ID: b04e0db2aa06497e8a3dcdc35a3be5b7
                     
                  </a>
                   
                  
               </td>
            </tr>
            <tr>
               <td colspan="4" class="detailsBox">
                  <div id="datadriven.test.DataProvider_WithExcel_testing_byStatus_failed_FAIL2_details"
                       class="testMethodDetails">
                     <div>
                        <b>Name: </b>testing
                     </div>
                     <div>
                        <b>Signature: </b>testing(java.lang.String, java.lang.String, java.lang.String)[pri:0, instance:datadriven.test.DataProvider_WithExcel@3c5a99da]
                     </div>
                     <div>
                        <b>Parameters: </b>
                        
                        
                        
                        ,
                        
                        
                        
                        ,
                        
                        Invalid email or password specified. Forgot your password?
                        
                        
                     </div>
                     <div>
                        <b>Start time: </b>20:21:52
                     </div>
                     <div>
                        <b>End time: </b>20:21:53
                     </div>
                     <div>
                        <b>Duration: </b>345 ms
                        
                     </div>
                  </div>
               </td>
            </tr>
            <tr>
               <td colspan="4" class="detailsBox">
                  <div id="datadriven.test.DataProvider_WithExcel_testing_byStatus_failed_FAIL2_exception"
                       class="testMethodDetails">
                     <pre style="padding: 5px; margin: 0;">org.openqa.selenium.ElementNotVisibleException: element not visible
                        (Session info: chrome=63.0.3239.132)
                        (Driver info: chromedriver=2.33.506120 (e3e53437346286c0bc2d2dc9aa4915ba81d9023f),platform=Windows NT 10.0.16299 x86_64) (WARNING:
                        The server did not provide any stacktrace information)
                        Command duration or timeout: 0 milliseconds
                        Build info: version: '3.8.1', revision: '6e95a6684b', time: '2017-12-01T19:05:32.194Z'
                        System info: host: 'GDC-VIKASKU-LPT', ip: '10.9.34.80', os.name: 'Windows 10', os.arch: 'amd64', os.version: '10.0', java.version:
                        '1.8.0_151'
                        Driver info: org.openqa.selenium.chrome.ChromeDriver
                        Capabilities {acceptSslCerts: true, applicationCacheEnabled: false, browserConnectionEnabled: false, browserName: chrome,
                        chrome: {chromedriverVersion: 2.33.506120 (e3e53437346286..., userDataDir: C:\WINDOWS\TEMP\scoped_dir7...}, cssSelectorsEnabled:
                        true, databaseEnabled: false, handlesAlerts: true, hasTouchScreen: false, javascriptEnabled: true, locationContextEnabled:
                        true, mobileEmulationEnabled: false, nativeEvents: true, networkConnectionEnabled: false, pageLoadStrategy: normal, platform:
                        XP, platformName: XP, rotatable: false, setWindowRect: true, takesHeapSnapshot: true, takesScreenshot: true, unexpectedAlertBehaviour:
                        , unhandledPromptBehavior: , version: 63.0.3239.132, webStorageEnabled: true}
                        Session ID: b04e0db2aa06497e8a3dcdc35a3be5b7
                        	at sun.reflect.NativeConstructorAccessorImpl.newInstance0(Native Method)
                        	at sun.reflect.NativeConstructorAccessorImpl.newInstance(NativeConstructorAccessorImpl.java:62)
                        	at sun.reflect.DelegatingConstructorAccessorImpl.newInstance(DelegatingConstructorAccessorImpl.java:45)
                        	at java.lang.reflect.Constructor.newInstance(Constructor.java:423)
                        	at org.openqa.selenium.remote.ErrorHandler.createThrowable(ErrorHandler.java:214)
                        	at org.openqa.selenium.remote.ErrorHandler.throwIfResponseFailed(ErrorHandler.java:166)
                        	at org.openqa.selenium.remote.http.JsonHttpResponseCodec.reconstructValue(JsonHttpResponseCodec.java:40)
                        	at org.openqa.selenium.remote.http.AbstractHttpResponseCodec.decode(AbstractHttpResponseCodec.java:80)
                        	at org.openqa.selenium.remote.http.AbstractHttpResponseCodec.decode(AbstractHttpResponseCodec.java:44)
                        	at org.openqa.selenium.remote.HttpCommandExecutor.execute(HttpCommandExecutor.java:164)
                        	at org.openqa.selenium.remote.service.DriverCommandExecutor.execute(DriverCommandExecutor.java:83)
                        	at org.openqa.selenium.remote.RemoteWebDriver.execute(RemoteWebDriver.java:601)
                        	at org.openqa.selenium.remote.RemoteWebElement.execute(RemoteWebElement.java:279)
                        	at org.openqa.selenium.remote.RemoteWebElement.click(RemoteWebElement.java:83)
                        	at datadriven.test.DataProvider_WithExcel.testing(DataProvider_WithExcel.java:93)
                        	at sun.reflect.NativeMethodAccessorImpl.invoke0(Native Method)
                        	at sun.reflect.NativeMethodAccessorImpl.invoke(NativeMethodAccessorImpl.java:62)
                        	at sun.reflect.DelegatingMethodAccessorImpl.invoke(DelegatingMethodAccessorImpl.java:43)
                        	at java.lang.reflect.Method.invoke(Method.java:498)
                        	at org.testng.internal.MethodInvocationHelper.invokeMethod(MethodInvocationHelper.java:84)
                        	at org.testng.internal.Invoker.invokeMethod(Invoker.java:714)
                        	at org.testng.internal.Invoker.invokeTestMethod(Invoker.java:901)
                        	at org.testng.internal.Invoker.invokeTestMethods(Invoker.java:1231)
                        	at org.testng.internal.TestMethodWorker.invokeTestMethods(TestMethodWorker.java:127)
                        	at org.testng.internal.TestMethodWorker.run(TestMethodWorker.java:111)
                        	at org.testng.TestRunner.privateRun(TestRunner.java:767)
                        	at org.testng.TestRunner.run(TestRunner.java:617)
                        	at org.testng.SuiteRunner.runTest(SuiteRunner.java:334)
                        	at org.testng.SuiteRunner.runSequentially(SuiteRunner.java:329)
                        	at org.testng.SuiteRunner.privateRun(SuiteRunner.java:291)
                        	at org.testng.SuiteRunner.run(SuiteRunner.java:240)
                        	at org.testng.SuiteRunnerWorker.runSuite(SuiteRunnerWorker.java:52)
                        	at org.testng.SuiteRunnerWorker.run(SuiteRunnerWorker.java:86)
                        	at org.testng.TestNG.runSuitesSequentially(TestNG.java:1224)
                        	at org.testng.TestNG.runSuitesLocally(TestNG.java:1149)
                        	at org.testng.TestNG.run(TestNG.java:1057)
                        	at org.testng.TestNG.privateMain(TestNG.java:1364)
                        	at org.testng.TestNG.main(TestNG.java:1333)
                     </pre>
                  </div>
               </td>
            </tr>
            <tr id="datadriven.test.DataProvider_WithExcel_startDriver_byStatus_passed_PASS1_row"
                class="testMethodStatusPASS testMethodStatusCONF">
               <td width="100%" class="firstMethodCell">
                  <a onclick="toggleDetailsVisibility('datadriven.test.DataProvider_WithExcel_startDriver_byStatus_passed_PASS1_details')">startDriver()</a>
               </td>
               <td nowrap="true">20:21:28</td>
               <td nowrap="true" align="right">14s
                  
               </td>
               <td nowrap="true">
                   
                  
               </td>
            </tr>
            <tr>
               <td colspan="4" class="detailsBox">
                  <div id="datadriven.test.DataProvider_WithExcel_startDriver_byStatus_passed_PASS1_details"
                       class="testMethodDetails">
                     <div>
                        <b>Name: </b>startDriver
                     </div>
                     <div>
                        <b>Signature: </b>startDriver()[pri:0, instance:datadriven.test.DataProvider_WithExcel@3c5a99da]
                     </div>
                     <div>
                        <b>Start time: </b>20:21:28
                     </div>
                     <div>
                        <b>End time: </b>20:21:43
                     </div>
                     <div>
                        <b>Duration: </b>14s
                        
                     </div>
                  </div>
               </td>
            </tr>
            <tr></tr>
            <tr id="datadriven.test.DataProvider_WithExcel_testing_byStatus_passed_PASS2_row"
                class="testMethodStatusPASS">
               <td width="100%" class="firstMethodCell">
                  <a onclick="toggleDetailsVisibility('datadriven.test.DataProvider_WithExcel_testing_byStatus_passed_PASS2_details')">testing(vikasgarg.mgl@gmail.com
                     
                     ,
                     
                     master
                     
                     ,
                     
                     Invalid email or password specified. Forgot your password?)
                  </a>
               </td>
               <td nowrap="true">20:21:46</td>
               <td nowrap="true" align="right">2s
                  
               </td>
               <td nowrap="true">
                   
                  
               </td>
            </tr>
            <tr>
               <td colspan="4" class="detailsBox">
                  <div id="datadriven.test.DataProvider_WithExcel_testing_byStatus_passed_PASS2_details"
                       class="testMethodDetails">
                     <div>
                        <b>Name: </b>testing
                     </div>
                     <div>
                        <b>Signature: </b>testing(java.lang.String, java.lang.String, java.lang.String)[pri:0, instance:datadriven.test.DataProvider_WithExcel@3c5a99da]
                     </div>
                     <div>
                        <b>Parameters: </b>
                        
                        vikasgarg.mgl@gmail.com
                        
                        ,
                        
                        master
                        
                        ,
                        
                        Invalid email or password specified. Forgot your password?
                        
                        
                     </div>
                     <div>
                        <b>Start time: </b>20:21:46
                     </div>
                     <div>
                        <b>End time: </b>20:21:49
                     </div>
                     <div>
                        <b>Duration: </b>2s
                        
                     </div>
                  </div>
               </td>
            </tr>
            <tr></tr>
            <tr id="datadriven.test.DataProvider_WithExcel_testing_byStatus_passed_PASS3_row"
                class="testMethodStatusPASS">
               <td width="100%" class="firstMethodCell">
                  <a onclick="toggleDetailsVisibility('datadriven.test.DataProvider_WithExcel_testing_byStatus_passed_PASS3_details')">testing(,
                     
                     master1
                     
                     ,
                     
                     Invalid email or password specified. Forgot your password?)
                  </a>
               </td>
               <td nowrap="true">20:21:49</td>
               <td nowrap="true" align="right">3s
                  
               </td>
               <td nowrap="true">
                   
                  
               </td>
            </tr>
            <tr>
               <td colspan="4" class="detailsBox">
                  <div id="datadriven.test.DataProvider_WithExcel_testing_byStatus_passed_PASS3_details"
                       class="testMethodDetails">
                     <div>
                        <b>Name: </b>testing
                     </div>
                     <div>
                        <b>Signature: </b>testing(java.lang.String, java.lang.String, java.lang.String)[pri:0, instance:datadriven.test.DataProvider_WithExcel@3c5a99da]
                     </div>
                     <div>
                        <b>Parameters: </b>
                        
                        
                        
                        ,
                        
                        master1
                        
                        ,
                        
                        Invalid email or password specified. Forgot your password?
                        
                        
                     </div>
                     <div>
                        <b>Start time: </b>20:21:49
                     </div>
                     <div>
                        <b>End time: </b>20:21:52
                     </div>
                     <div>
                        <b>Duration: </b>3s
                        
                     </div>
                  </div>
               </td>
            </tr>
            <tr></tr>
            <tr id="datadriven.test.DataProvider_WithExcel_testing_byStatus_passed_PASS4_row"
                class="testMethodStatusPASS">
               <td width="100%" class="firstMethodCell">
                  <a onclick="toggleDetailsVisibility('datadriven.test.DataProvider_WithExcel_testing_byStatus_passed_PASS4_details')">testing(vikasgarg.mgl@gmail.com
                     
                     ,
                     
                     
                     
                     ,
                     
                     Invalid email or password specified. Forgot your password?)
                  </a>
               </td>
               <td nowrap="true">20:21:53</td>
               <td nowrap="true" align="right">2s
                  
               </td>
               <td nowrap="true">
                   
                  
               </td>
            </tr>
            <tr>
               <td colspan="4" class="detailsBox">
                  <div id="datadriven.test.DataProvider_WithExcel_testing_byStatus_passed_PASS4_details"
                       class="testMethodDetails">
                     <div>
                        <b>Name: </b>testing
                     </div>
                     <div>
                        <b>Signature: </b>testing(java.lang.String, java.lang.String, java.lang.String)[pri:0, instance:datadriven.test.DataProvider_WithExcel@3c5a99da]
                     </div>
                     <div>
                        <b>Parameters: </b>
                        
                        vikasgarg.mgl@gmail.com
                        
                        ,
                        
                        
                        
                        ,
                        
                        Invalid email or password specified. Forgot your password?
                        
                        
                     </div>
                     <div>
                        <b>Start time: </b>20:21:53
                     </div>
                     <div>
                        <b>End time: </b>20:21:55
                     </div>
                     <div>
                        <b>Duration: </b>2s
                        
                     </div>
                  </div>
               </td>
            </tr>
            <tr></tr>
            <tr id="datadriven.test.DataProvider_WithExcel_testing_byStatus_passed_PASS5_row"
                class="testMethodStatusPASS">
               <td width="100%" class="firstMethodCell">
                  <a onclick="toggleDetailsVisibility('datadriven.test.DataProvider_WithExcel_testing_byStatus_passed_PASS5_details')">testing(VIKAS
                     
                     ,
                     
                     master1
                     
                     ,
                     
                     Invalid email or password specified. Forgot your password?)
                  </a>
               </td>
               <td nowrap="true">20:21:55</td>
               <td nowrap="true" align="right">3s
                  
               </td>
               <td nowrap="true">
                   
                  
               </td>
            </tr>
            <tr>
               <td colspan="4" class="detailsBox">
                  <div id="datadriven.test.DataProvider_WithExcel_testing_byStatus_passed_PASS5_details"
                       class="testMethodDetails">
                     <div>
                        <b>Name: </b>testing
                     </div>
                     <div>
                        <b>Signature: </b>testing(java.lang.String, java.lang.String, java.lang.String)[pri:0, instance:datadriven.test.DataProvider_WithExcel@3c5a99da]
                     </div>
                     <div>
                        <b>Parameters: </b>
                        
                        VIKAS
                        
                        ,
                        
                        master1
                        
                        ,
                        
                        Invalid email or password specified. Forgot your password?
                        
                        
                     </div>
                     <div>
                        <b>Start time: </b>20:21:55
                     </div>
                     <div>
                        <b>End time: </b>20:21:58
                     </div>
                     <div>
                        <b>Duration: </b>3s
                        
                     </div>
                  </div>
               </td>
            </tr>
            <tr></tr>
            <tr id="datadriven.test.DataProvider_WithExcel_testing_byStatus_passed_PASS6_row"
                class="testMethodStatusPASS">
               <td width="100%" class="firstMethodCell">
                  <a onclick="toggleDetailsVisibility('datadriven.test.DataProvider_WithExcel_testing_byStatus_passed_PASS6_details')">testing(*1234567
                     
                     ,
                     
                     34//'
                     
                     ,
                     
                     Invalid email or password specified. Forgot your password?)
                  </a>
               </td>
               <td nowrap="true">20:21:58</td>
               <td nowrap="true" align="right">2s
                  
               </td>
               <td nowrap="true">
                   
                  
               </td>
            </tr>
            <tr>
               <td colspan="4" class="detailsBox">
                  <div id="datadriven.test.DataProvider_WithExcel_testing_byStatus_passed_PASS6_details"
                       class="testMethodDetails">
                     <div>
                        <b>Name: </b>testing
                     </div>
                     <div>
                        <b>Signature: </b>testing(java.lang.String, java.lang.String, java.lang.String)[pri:0, instance:datadriven.test.DataProvider_WithExcel@3c5a99da]
                     </div>
                     <div>
                        <b>Parameters: </b>
                        
                        *1234567
                        
                        ,
                        
                        34//'
                        
                        ,
                        
                        Invalid email or password specified. Forgot your password?
                        
                        
                     </div>
                     <div>
                        <b>Start time: </b>20:21:58
                     </div>
                     <div>
                        <b>End time: </b>20:22:01
                     </div>
                     <div>
                        <b>Duration: </b>2s
                        
                     </div>
                  </div>
               </td>
            </tr>
            <tr></tr>
            <tr id="datadriven.test.DataProvider_WithExcel_afterMethod_byStatus_passed_PASS7_row"
                class="testMethodStatusPASS testMethodStatusCONF">
               <td width="100%" class="firstMethodCell">
                  <a onclick="toggleDetailsVisibility('datadriven.test.DataProvider_WithExcel_afterMethod_byStatus_passed_PASS7_details')">afterMethod()</a>
               </td>
               <td nowrap="true">20:22:01</td>
               <td nowrap="true" align="right">855 ms
                  
               </td>
               <td nowrap="true">
                   
                  
               </td>
            </tr>
            <tr>
               <td colspan="4" class="detailsBox">
                  <div id="datadriven.test.DataProvider_WithExcel_afterMethod_byStatus_passed_PASS7_details"
                       class="testMethodDetails">
                     <div>
                        <b>Name: </b>afterMethod
                     </div>
                     <div>
                        <b>Signature: </b>afterMethod()[pri:0, instance:datadriven.test.DataProvider_WithExcel@3c5a99da]
                     </div>
                     <div>
                        <b>Start time: </b>20:22:01
                     </div>
                     <div>
                        <b>End time: </b>20:22:02
                     </div>
                     <div>
                        <b>Duration: </b>855 ms
                        
                     </div>
                  </div>
               </td>
            </tr>
            <tr></tr>
         </table>
      </div>
      <div id="testMethodsByClass">
         <table class="testMethodsTable" cellpadding="0" cellspacing="0">
            <tr>
               <td colspan="4">
                  <h3 style="display: inline;">datadriven.test.DataProvider_WithExcel</h3>
               </td>
            </tr>
            <tr class="methodsTableHeader">
               <td width="100%">Name</td>
               <td nowrap="true">Started</td>
               <td nowrap="true">Duration</td>
               <td>Exception</td>
            </tr>
            <tr id="datadriven.test.DataProvider_WithExcel_startDriver_byClass_PASS1_row"
                class="testMethodStatusPASS testMethodStatusCONF">
               <td width="100%" class="firstMethodCell">
                  <a onclick="toggleDetailsVisibility('datadriven.test.DataProvider_WithExcel_startDriver_byClass_PASS1_details')">startDriver()</a>
               </td>
               <td nowrap="true">20:21:28</td>
               <td nowrap="true" align="right">14s
                  
               </td>
               <td nowrap="true">
                   
                  
               </td>
            </tr>
            <tr>
               <td colspan="4" class="detailsBox">
                  <div id="datadriven.test.DataProvider_WithExcel_startDriver_byClass_PASS1_details"
                       class="testMethodDetails">
                     <div>
                        <b>Name: </b>startDriver
                     </div>
                     <div>
                        <b>Signature: </b>startDriver()[pri:0, instance:datadriven.test.DataProvider_WithExcel@3c5a99da]
                     </div>
                     <div>
                        <b>Start time: </b>20:21:28
                     </div>
                     <div>
                        <b>End time: </b>20:21:43
                     </div>
                     <div>
                        <b>Duration: </b>14s
                        
                     </div>
                  </div>
               </td>
            </tr>
            <tr></tr>
            <tr id="datadriven.test.DataProvider_WithExcel_testing_byClass_FAIL2_row"
                class="testMethodStatusFAIL">
               <td width="100%" class="firstMethodCell">
                  <a onclick="toggleDetailsVisibility('datadriven.test.DataProvider_WithExcel_testing_byClass_FAIL2_details')">testing(vikasgarg.mgl@gmail.com
                     
                     ,
                     
                     master1
                     
                     ,)
                  </a>
               </td>
               <td nowrap="true">20:21:43</td>
               <td nowrap="true" align="right">3s
                  
               </td>
               <td nowrap="true">
                  <a onclick="toggleDetailsVisibility('datadriven.test.DataProvider_WithExcel_testing_byClass_FAIL2_exception')">java.lang.AssertionError: 
                     The following asserts failed:
                     null
                     
                  </a>
                   
                  
               </td>
            </tr>
            <tr>
               <td colspan="4" class="detailsBox">
                  <div id="datadriven.test.DataProvider_WithExcel_testing_byClass_FAIL2_details"
                       class="testMethodDetails">
                     <div>
                        <b>Name: </b>testing
                     </div>
                     <div>
                        <b>Signature: </b>testing(java.lang.String, java.lang.String, java.lang.String)[pri:0, instance:datadriven.test.DataProvider_WithExcel@3c5a99da]
                     </div>
                     <div>
                        <b>Parameters: </b>
                        
                        vikasgarg.mgl@gmail.com
                        
                        ,
                        
                        master1
                        
                        ,
                        
                        
                        
                        
                     </div>
                     <div>
                        <b>Start time: </b>20:21:43
                     </div>
                     <div>
                        <b>End time: </b>20:21:46
                     </div>
                     <div>
                        <b>Duration: </b>3s
                        
                     </div>
                  </div>
               </td>
            </tr>
            <tr>
               <td colspan="4" class="detailsBox">
                  <div id="datadriven.test.DataProvider_WithExcel_testing_byClass_FAIL2_exception"
                       class="testMethodDetails">
                     <pre style="padding: 5px; margin: 0;">java.lang.AssertionError: The following asserts failed:
                        null
                        	at org.testng.asserts.SoftAssert.assertAll(SoftAssert.java:38)
                        	at datadriven.test.DataProvider_WithExcel.testing(DataProvider_WithExcel.java:131)
                        	at sun.reflect.NativeMethodAccessorImpl.invoke0(Native Method)
                        	at sun.reflect.NativeMethodAccessorImpl.invoke(NativeMethodAccessorImpl.java:62)
                        	at sun.reflect.DelegatingMethodAccessorImpl.invoke(DelegatingMethodAccessorImpl.java:43)
                        	at java.lang.reflect.Method.invoke(Method.java:498)
                        	at org.testng.internal.MethodInvocationHelper.invokeMethod(MethodInvocationHelper.java:84)
                        	at org.testng.internal.Invoker.invokeMethod(Invoker.java:714)
                        	at org.testng.internal.Invoker.invokeTestMethod(Invoker.java:901)
                        	at org.testng.internal.Invoker.invokeTestMethods(Invoker.java:1231)
                        	at org.testng.internal.TestMethodWorker.invokeTestMethods(TestMethodWorker.java:127)
                        	at org.testng.internal.TestMethodWorker.run(TestMethodWorker.java:111)
                        	at org.testng.TestRunner.privateRun(TestRunner.java:767)
                        	at org.testng.TestRunner.run(TestRunner.java:617)
                        	at org.testng.SuiteRunner.runTest(SuiteRunner.java:334)
                        	at org.testng.SuiteRunner.runSequentially(SuiteRunner.java:329)
                        	at org.testng.SuiteRunner.privateRun(SuiteRunner.java:291)
                        	at org.testng.SuiteRunner.run(SuiteRunner.java:240)
                        	at org.testng.SuiteRunnerWorker.runSuite(SuiteRunnerWorker.java:52)
                        	at org.testng.SuiteRunnerWorker.run(SuiteRunnerWorker.java:86)
                        	at org.testng.TestNG.runSuitesSequentially(TestNG.java:1224)
                        	at org.testng.TestNG.runSuitesLocally(TestNG.java:1149)
                        	at org.testng.TestNG.run(TestNG.java:1057)
                        	at org.testng.TestNG.privateMain(TestNG.java:1364)
                        	at org.testng.TestNG.main(TestNG.java:1333)
                     </pre>
                  </div>
               </td>
            </tr>
            <tr id="datadriven.test.DataProvider_WithExcel_testing_byClass_PASS3_row"
                class="testMethodStatusPASS">
               <td width="100%" class="firstMethodCell">
                  <a onclick="toggleDetailsVisibility('datadriven.test.DataProvider_WithExcel_testing_byClass_PASS3_details')">testing(vikasgarg.mgl@gmail.com
                     
                     ,
                     
                     master
                     
                     ,
                     
                     Invalid email or password specified. Forgot your password?)
                  </a>
               </td>
               <td nowrap="true">20:21:46</td>
               <td nowrap="true" align="right">2s
                  
               </td>
               <td nowrap="true">
                   
                  
               </td>
            </tr>
            <tr>
               <td colspan="4" class="detailsBox">
                  <div id="datadriven.test.DataProvider_WithExcel_testing_byClass_PASS3_details"
                       class="testMethodDetails">
                     <div>
                        <b>Name: </b>testing
                     </div>
                     <div>
                        <b>Signature: </b>testing(java.lang.String, java.lang.String, java.lang.String)[pri:0, instance:datadriven.test.DataProvider_WithExcel@3c5a99da]
                     </div>
                     <div>
                        <b>Parameters: </b>
                        
                        vikasgarg.mgl@gmail.com
                        
                        ,
                        
                        master
                        
                        ,
                        
                        Invalid email or password specified. Forgot your password?
                        
                        
                     </div>
                     <div>
                        <b>Start time: </b>20:21:46
                     </div>
                     <div>
                        <b>End time: </b>20:21:49
                     </div>
                     <div>
                        <b>Duration: </b>2s
                        
                     </div>
                  </div>
               </td>
            </tr>
            <tr></tr>
            <tr id="datadriven.test.DataProvider_WithExcel_testing_byClass_PASS4_row"
                class="testMethodStatusPASS">
               <td width="100%" class="firstMethodCell">
                  <a onclick="toggleDetailsVisibility('datadriven.test.DataProvider_WithExcel_testing_byClass_PASS4_details')">testing(,
                     
                     master1
                     
                     ,
                     
                     Invalid email or password specified. Forgot your password?)
                  </a>
               </td>
               <td nowrap="true">20:21:49</td>
               <td nowrap="true" align="right">3s
                  
               </td>
               <td nowrap="true">
                   
                  
               </td>
            </tr>
            <tr>
               <td colspan="4" class="detailsBox">
                  <div id="datadriven.test.DataProvider_WithExcel_testing_byClass_PASS4_details"
                       class="testMethodDetails">
                     <div>
                        <b>Name: </b>testing
                     </div>
                     <div>
                        <b>Signature: </b>testing(java.lang.String, java.lang.String, java.lang.String)[pri:0, instance:datadriven.test.DataProvider_WithExcel@3c5a99da]
                     </div>
                     <div>
                        <b>Parameters: </b>
                        
                        
                        
                        ,
                        
                        master1
                        
                        ,
                        
                        Invalid email or password specified. Forgot your password?
                        
                        
                     </div>
                     <div>
                        <b>Start time: </b>20:21:49
                     </div>
                     <div>
                        <b>End time: </b>20:21:52
                     </div>
                     <div>
                        <b>Duration: </b>3s
                        
                     </div>
                  </div>
               </td>
            </tr>
            <tr></tr>
            <tr id="datadriven.test.DataProvider_WithExcel_testing_byClass_FAIL5_row"
                class="testMethodStatusFAIL">
               <td width="100%" class="firstMethodCell">
                  <a onclick="toggleDetailsVisibility('datadriven.test.DataProvider_WithExcel_testing_byClass_FAIL5_details')">testing(,
                     
                     
                     
                     ,
                     
                     Invalid email or password specified. Forgot your password?)
                  </a>
               </td>
               <td nowrap="true">20:21:52</td>
               <td nowrap="true" align="right">345 ms
                  
               </td>
               <td nowrap="true">
                  <a onclick="toggleDetailsVisibility('datadriven.test.DataProvider_WithExcel_testing_byClass_FAIL5_exception')">org.openqa.selenium.ElementNotVisibleException: 
                     element not visible
                     (Session info: chrome=63.0.3239.132)
                     (Driver info: chromedriver=2.33.506120 (e3e53437346286c0bc2d2dc9aa4915ba81d9023f),platform=Windows NT 10.0.16299 x86_64) (WARNING:
                     The server did not provide any stacktrace information)
                     Command duration or timeout: 0 milliseconds
                     Build info: version: '3.8.1', revision: '6e95a6684b', time: '2017-12-01T19:05:32.194Z'
                     System info: host: 'GDC-VIKASKU-LPT', ip: '10.9.34.80', os.name: 'Windows 10', os.arch: 'amd64', os.version: '10.0', java.version:
                     '1.8.0_151'
                     Driver info: org.openqa.selenium.chrome.ChromeDriver
                     Capabilities {acceptSslCerts: true, applicationCacheEnabled: false, browserConnectionEnabled: false, browserName: chrome,
                     chrome: {chromedriverVersion: 2.33.506120 (e3e53437346286..., userDataDir: C:\WINDOWS\TEMP\scoped_dir7...}, cssSelectorsEnabled:
                     true, databaseEnabled: false, handlesAlerts: true, hasTouchScreen: false, javascriptEnabled: true, locationContextEnabled:
                     true, mobileEmulationEnabled: false, nativeEvents: true, networkConnectionEnabled: false, pageLoadStrategy: normal, platform:
                     XP, platformName: XP, rotatable: false, setWindowRect: true, takesHeapSnapshot: true, takesScreenshot: true, unexpectedAlertBehaviour:
                     , unhandledPromptBehavior: , version: 63.0.3239.132, webStorageEnabled: true}
                     Session ID: b04e0db2aa06497e8a3dcdc35a3be5b7
                     
                  </a>
                   
                  
               </td>
            </tr>
            <tr>
               <td colspan="4" class="detailsBox">
                  <div id="datadriven.test.DataProvider_WithExcel_testing_byClass_FAIL5_details"
                       class="testMethodDetails">
                     <div>
                        <b>Name: </b>testing
                     </div>
                     <div>
                        <b>Signature: </b>testing(java.lang.String, java.lang.String, java.lang.String)[pri:0, instance:datadriven.test.DataProvider_WithExcel@3c5a99da]
                     </div>
                     <div>
                        <b>Parameters: </b>
                        
                        
                        
                        ,
                        
                        
                        
                        ,
                        
                        Invalid email or password specified. Forgot your password?
                        
                        
                     </div>
                     <div>
                        <b>Start time: </b>20:21:52
                     </div>
                     <div>
                        <b>End time: </b>20:21:53
                     </div>
                     <div>
                        <b>Duration: </b>345 ms
                        
                     </div>
                  </div>
               </td>
            </tr>
            <tr>
               <td colspan="4" class="detailsBox">
                  <div id="datadriven.test.DataProvider_WithExcel_testing_byClass_FAIL5_exception"
                       class="testMethodDetails">
                     <pre style="padding: 5px; margin: 0;">org.openqa.selenium.ElementNotVisibleException: element not visible
                        (Session info: chrome=63.0.3239.132)
                        (Driver info: chromedriver=2.33.506120 (e3e53437346286c0bc2d2dc9aa4915ba81d9023f),platform=Windows NT 10.0.16299 x86_64) (WARNING:
                        The server did not provide any stacktrace information)
                        Command duration or timeout: 0 milliseconds
                        Build info: version: '3.8.1', revision: '6e95a6684b', time: '2017-12-01T19:05:32.194Z'
                        System info: host: 'GDC-VIKASKU-LPT', ip: '10.9.34.80', os.name: 'Windows 10', os.arch: 'amd64', os.version: '10.0', java.version:
                        '1.8.0_151'
                        Driver info: org.openqa.selenium.chrome.ChromeDriver
                        Capabilities {acceptSslCerts: true, applicationCacheEnabled: false, browserConnectionEnabled: false, browserName: chrome,
                        chrome: {chromedriverVersion: 2.33.506120 (e3e53437346286..., userDataDir: C:\WINDOWS\TEMP\scoped_dir7...}, cssSelectorsEnabled:
                        true, databaseEnabled: false, handlesAlerts: true, hasTouchScreen: false, javascriptEnabled: true, locationContextEnabled:
                        true, mobileEmulationEnabled: false, nativeEvents: true, networkConnectionEnabled: false, pageLoadStrategy: normal, platform:
                        XP, platformName: XP, rotatable: false, setWindowRect: true, takesHeapSnapshot: true, takesScreenshot: true, unexpectedAlertBehaviour:
                        , unhandledPromptBehavior: , version: 63.0.3239.132, webStorageEnabled: true}
                        Session ID: b04e0db2aa06497e8a3dcdc35a3be5b7
                        	at sun.reflect.NativeConstructorAccessorImpl.newInstance0(Native Method)
                        	at sun.reflect.NativeConstructorAccessorImpl.newInstance(NativeConstructorAccessorImpl.java:62)
                        	at sun.reflect.DelegatingConstructorAccessorImpl.newInstance(DelegatingConstructorAccessorImpl.java:45)
                        	at java.lang.reflect.Constructor.newInstance(Constructor.java:423)
                        	at org.openqa.selenium.remote.ErrorHandler.createThrowable(ErrorHandler.java:214)
                        	at org.openqa.selenium.remote.ErrorHandler.throwIfResponseFailed(ErrorHandler.java:166)
                        	at org.openqa.selenium.remote.http.JsonHttpResponseCodec.reconstructValue(JsonHttpResponseCodec.java:40)
                        	at org.openqa.selenium.remote.http.AbstractHttpResponseCodec.decode(AbstractHttpResponseCodec.java:80)
                        	at org.openqa.selenium.remote.http.AbstractHttpResponseCodec.decode(AbstractHttpResponseCodec.java:44)
                        	at org.openqa.selenium.remote.HttpCommandExecutor.execute(HttpCommandExecutor.java:164)
                        	at org.openqa.selenium.remote.service.DriverCommandExecutor.execute(DriverCommandExecutor.java:83)
                        	at org.openqa.selenium.remote.RemoteWebDriver.execute(RemoteWebDriver.java:601)
                        	at org.openqa.selenium.remote.RemoteWebElement.execute(RemoteWebElement.java:279)
                        	at org.openqa.selenium.remote.RemoteWebElement.click(RemoteWebElement.java:83)
                        	at datadriven.test.DataProvider_WithExcel.testing(DataProvider_WithExcel.java:93)
                        	at sun.reflect.NativeMethodAccessorImpl.invoke0(Native Method)
                        	at sun.reflect.NativeMethodAccessorImpl.invoke(NativeMethodAccessorImpl.java:62)
                        	at sun.reflect.DelegatingMethodAccessorImpl.invoke(DelegatingMethodAccessorImpl.java:43)
                        	at java.lang.reflect.Method.invoke(Method.java:498)
                        	at org.testng.internal.MethodInvocationHelper.invokeMethod(MethodInvocationHelper.java:84)
                        	at org.testng.internal.Invoker.invokeMethod(Invoker.java:714)
                        	at org.testng.internal.Invoker.invokeTestMethod(Invoker.java:901)
                        	at org.testng.internal.Invoker.invokeTestMethods(Invoker.java:1231)
                        	at org.testng.internal.TestMethodWorker.invokeTestMethods(TestMethodWorker.java:127)
                        	at org.testng.internal.TestMethodWorker.run(TestMethodWorker.java:111)
                        	at org.testng.TestRunner.privateRun(TestRunner.java:767)
                        	at org.testng.TestRunner.run(TestRunner.java:617)
                        	at org.testng.SuiteRunner.runTest(SuiteRunner.java:334)
                        	at org.testng.SuiteRunner.runSequentially(SuiteRunner.java:329)
                        	at org.testng.SuiteRunner.privateRun(SuiteRunner.java:291)
                        	at org.testng.SuiteRunner.run(SuiteRunner.java:240)
                        	at org.testng.SuiteRunnerWorker.runSuite(SuiteRunnerWorker.java:52)
                        	at org.testng.SuiteRunnerWorker.run(SuiteRunnerWorker.java:86)
                        	at org.testng.TestNG.runSuitesSequentially(TestNG.java:1224)
                        	at org.testng.TestNG.runSuitesLocally(TestNG.java:1149)
                        	at org.testng.TestNG.run(TestNG.java:1057)
                        	at org.testng.TestNG.privateMain(TestNG.java:1364)
                        	at org.testng.TestNG.main(TestNG.java:1333)
                     </pre>
                  </div>
               </td>
            </tr>
            <tr id="datadriven.test.DataProvider_WithExcel_testing_byClass_PASS6_row"
                class="testMethodStatusPASS">
               <td width="100%" class="firstMethodCell">
                  <a onclick="toggleDetailsVisibility('datadriven.test.DataProvider_WithExcel_testing_byClass_PASS6_details')">testing(vikasgarg.mgl@gmail.com
                     
                     ,
                     
                     
                     
                     ,
                     
                     Invalid email or password specified. Forgot your password?)
                  </a>
               </td>
               <td nowrap="true">20:21:53</td>
               <td nowrap="true" align="right">2s
                  
               </td>
               <td nowrap="true">
                   
                  
               </td>
            </tr>
            <tr>
               <td colspan="4" class="detailsBox">
                  <div id="datadriven.test.DataProvider_WithExcel_testing_byClass_PASS6_details"
                       class="testMethodDetails">
                     <div>
                        <b>Name: </b>testing
                     </div>
                     <div>
                        <b>Signature: </b>testing(java.lang.String, java.lang.String, java.lang.String)[pri:0, instance:datadriven.test.DataProvider_WithExcel@3c5a99da]
                     </div>
                     <div>
                        <b>Parameters: </b>
                        
                        vikasgarg.mgl@gmail.com
                        
                        ,
                        
                        
                        
                        ,
                        
                        Invalid email or password specified. Forgot your password?
                        
                        
                     </div>
                     <div>
                        <b>Start time: </b>20:21:53
                     </div>
                     <div>
                        <b>End time: </b>20:21:55
                     </div>
                     <div>
                        <b>Duration: </b>2s
                        
                     </div>
                  </div>
               </td>
            </tr>
            <tr></tr>
            <tr id="datadriven.test.DataProvider_WithExcel_testing_byClass_PASS7_row"
                class="testMethodStatusPASS">
               <td width="100%" class="firstMethodCell">
                  <a onclick="toggleDetailsVisibility('datadriven.test.DataProvider_WithExcel_testing_byClass_PASS7_details')">testing(VIKAS
                     
                     ,
                     
                     master1
                     
                     ,
                     
                     Invalid email or password specified. Forgot your password?)
                  </a>
               </td>
               <td nowrap="true">20:21:55</td>
               <td nowrap="true" align="right">3s
                  
               </td>
               <td nowrap="true">
                   
                  
               </td>
            </tr>
            <tr>
               <td colspan="4" class="detailsBox">
                  <div id="datadriven.test.DataProvider_WithExcel_testing_byClass_PASS7_details"
                       class="testMethodDetails">
                     <div>
                        <b>Name: </b>testing
                     </div>
                     <div>
                        <b>Signature: </b>testing(java.lang.String, java.lang.String, java.lang.String)[pri:0, instance:datadriven.test.DataProvider_WithExcel@3c5a99da]
                     </div>
                     <div>
                        <b>Parameters: </b>
                        
                        VIKAS
                        
                        ,
                        
                        master1
                        
                        ,
                        
                        Invalid email or password specified. Forgot your password?
                        
                        
                     </div>
                     <div>
                        <b>Start time: </b>20:21:55
                     </div>
                     <div>
                        <b>End time: </b>20:21:58
                     </div>
                     <div>
                        <b>Duration: </b>3s
                        
                     </div>
                  </div>
               </td>
            </tr>
            <tr></tr>
            <tr id="datadriven.test.DataProvider_WithExcel_testing_byClass_PASS8_row"
                class="testMethodStatusPASS">
               <td width="100%" class="firstMethodCell">
                  <a onclick="toggleDetailsVisibility('datadriven.test.DataProvider_WithExcel_testing_byClass_PASS8_details')">testing(*1234567
                     
                     ,
                     
                     34//'
                     
                     ,
                     
                     Invalid email or password specified. Forgot your password?)
                  </a>
               </td>
               <td nowrap="true">20:21:58</td>
               <td nowrap="true" align="right">2s
                  
               </td>
               <td nowrap="true">
                   
                  
               </td>
            </tr>
            <tr>
               <td colspan="4" class="detailsBox">
                  <div id="datadriven.test.DataProvider_WithExcel_testing_byClass_PASS8_details"
                       class="testMethodDetails">
                     <div>
                        <b>Name: </b>testing
                     </div>
                     <div>
                        <b>Signature: </b>testing(java.lang.String, java.lang.String, java.lang.String)[pri:0, instance:datadriven.test.DataProvider_WithExcel@3c5a99da]
                     </div>
                     <div>
                        <b>Parameters: </b>
                        
                        *1234567
                        
                        ,
                        
                        34//'
                        
                        ,
                        
                        Invalid email or password specified. Forgot your password?
                        
                        
                     </div>
                     <div>
                        <b>Start time: </b>20:21:58
                     </div>
                     <div>
                        <b>End time: </b>20:22:01
                     </div>
                     <div>
                        <b>Duration: </b>2s
                        
                     </div>
                  </div>
               </td>
            </tr>
            <tr></tr>
            <tr id="datadriven.test.DataProvider_WithExcel_afterMethod_byClass_PASS9_row"
                class="testMethodStatusPASS testMethodStatusCONF">
               <td width="100%" class="firstMethodCell">
                  <a onclick="toggleDetailsVisibility('datadriven.test.DataProvider_WithExcel_afterMethod_byClass_PASS9_details')">afterMethod()</a>
               </td>
               <td nowrap="true">20:22:01</td>
               <td nowrap="true" align="right">855 ms
                  
               </td>
               <td nowrap="true">
                   
                  
               </td>
            </tr>
            <tr>
               <td colspan="4" class="detailsBox">
                  <div id="datadriven.test.DataProvider_WithExcel_afterMethod_byClass_PASS9_details"
                       class="testMethodDetails">
                     <div>
                        <b>Name: </b>afterMethod
                     </div>
                     <div>
                        <b>Signature: </b>afterMethod()[pri:0, instance:datadriven.test.DataProvider_WithExcel@3c5a99da]
                     </div>
                     <div>
                        <b>Start time: </b>20:22:01
                     </div>
                     <div>
                        <b>End time: </b>20:22:02
                     </div>
                     <div>
                        <b>Duration: </b>855 ms
                        
                     </div>
                  </div>
               </td>
            </tr>
            <tr></tr>
         </table>
         <br></br>
      </div>
      <div style="margin-top: 15px; color: gray; text-align: center; font-size: 9px;">
         Generated with
         
         <a href="http://code.google.com/p/testng-xslt/" style="color: #8888aa;"
            target="_blank">
            TestNG XSLT
            
         </a>
      </div>
   </body>
</html>